"Start of log file."
"E:/_ARY/GitHub/VIRTUA~1/Levels/TEMPES~1/Assets/Tempest/TEMPES~1/Max/TRIANG~1.MAX"
"Starting max loading and fbx conversion"
window = undefined
"Settings units"
"Before fbx export"
"After fbx export"
"Finished max loading and fbx conversion"
"E:/_ARY/GitHub/VIRTUA~1/Levels/TEMPES~1/Assets/Tempest/TEMPES~1/Max/Cube01b.max"
"Starting max loading and fbx conversion"
window = undefined
"Settings units"
"Before fbx export"
"After fbx export"
"Finished max loading and fbx conversion"
"E:/_ARY/GitHub/VIRTUA~1/Levels/TEMPES~1/Assets/Tempest/TEMPES~1/Max/TOUCHP~1.MAX"
"Starting max loading and fbx conversion"
window = undefined
"Settings units"
"Before fbx export"
"After fbx export"
"Finished max loading and fbx conversion"
"E:/_ARY/GitHub/VIRTUA~1/Levels/TEMPES~1/Assets/Tempest/TEMPES~1/Max/TO3B7F~1.MAX"
"Starting max loading and fbx conversion"
window = undefined
"Settings units"
"Before fbx export"
"After fbx export"
"Finished max loading and fbx conversion"
"E:/_ARY/GitHub/VIRTUA~1/Levels/TEMPES~1/Assets/Tempest/TEMPES~1/Max/TO3A13~1.MAX"
"Starting max loading and fbx conversion"
window = undefined
"Settings units"
"Before fbx export"
"After fbx export"
"Finished max loading and fbx conversion"
"E:/_ARY/GitHub/VIRTUA~1/Levels/TEMPES~1/Assets/Tempest/TEMPES~1/Max/TO8889~1.MAX"
"Starting max loading and fbx conversion"
window = undefined
"Settings units"
"Before fbx export"
"After fbx export"
"Finished max loading and fbx conversion"
"E:/_ARY/GitHub/VIRTUA~1/Levels/TEMPES~1/Assets/Tempest/TEMPES~1/Max/OBJECT~1.MAX"
"Starting max loading and fbx conversion"
window = undefined
"Settings units"
"Before fbx export"
"After fbx export"
"Finished max loading and fbx conversion"
"E:/_ARY/GitHub/VIRTUA~1/Levels/TEMPES~1/Assets/Tempest/TEMPES~1/Max/Ring01.max"
"Starting max loading and fbx conversion"
window = undefined
"Settings units"
"Before fbx export"
"After fbx export"
"Finished max loading and fbx conversion"
"E:/_ARY/GitHub/VIRTUA~1/Levels/TEMPES~1/Assets/Tempest/TEMPES~1/Max/TOUCHP~4.MAX"
"Starting max loading and fbx conversion"
window = undefined
"Settings units"
"Before fbx export"
"After fbx export"
"Finished max loading and fbx conversion"
"E:/_ARY/GitHub/VIRTUA~1/Levels/TEMPES~1/Assets/Tempest/TEMPES~1/Max/PYRAMI~1.MAX"
"Starting max loading and fbx conversion"
window = undefined
"Settings units"
"Before fbx export"
"After fbx export"
"Finished max loading and fbx conversion"
"E:/_ARY/GitHub/VIRTUA~1/Levels/TEMPES~1/Assets/Tempest/TEMPES~1/Max/TOUCHP~2.MAX"
"Starting max loading and fbx conversion"
window = undefined
"Settings units"
"Before fbx export"
"After fbx export"
"Finished max loading and fbx conversion"
"E:/_ARY/GitHub/VIRTUA~1/Levels/TEMPES~1/Assets/Tempest/TEMPES~1/Max/Square01.max"
"Starting max loading and fbx conversion"
window = undefined
"Settings units"
"Before fbx export"
"After fbx export"
"Finished max loading and fbx conversion"
"E:/_ARY/GitHub/VIRTUA~1/Levels/TEMPES~1/Assets/Tempest/TEMPES~1/Max/TOCD1D~1.MAX"
"Starting max loading and fbx conversion"
window = undefined
"Settings units"
"Before fbx export"
"After fbx export"
"Finished max loading and fbx conversion"
"E:/_ARY/GitHub/VIRTUA~1/Levels/TEMPES~1/Assets/Tempest/TEMPES~1/Max/TOUCHP~3.MAX"
"Starting max loading and fbx conversion"
window = undefined
"Settings units"
"Before fbx export"
"After fbx export"
"Finished max loading and fbx conversion"
