Base path: C:/Program Files (x86)/Unity/Editor/Data
Pipe name: \\.\pipe\UnityShaderCompiler-1-2172
Cmd: getPlatforms
Cmd: preprocess
  insize=464 outsize=464 ok=1
Cmd: preprocess
  insize=3325 outsize=1181 ok=1
Cmd: compileSnippet
  api=4 type=0 insize=2380 outsize=990 kw= ok=1
Cmd: compileSnippet
  api=4 type=1 insize=2380 outsize=2233 kw= ok=1
Cmd: preprocess
  insize=1101 outsize=904 ok=1
Cmd: compileSnippet
  api=4 type=0 insize=4871 outsize=2607 kw=DIRECTIONAL SHADOWS_OFF LIGHTMAP_OFF DIRLIGHTMAP_OFF ok=1
Cmd: compileSnippet
  api=4 type=1 insize=4871 outsize=1453 kw=DIRECTIONAL SHADOWS_OFF LIGHTMAP_OFF DIRLIGHTMAP_OFF ok=1
Cmd: compileSnippet
  api=4 type=0 insize=2847 outsize=2875 kw=POINT ok=1
Cmd: compileSnippet
  api=4 type=1 insize=2847 outsize=1810 kw=POINT ok=1
Cmd: preprocess
  insize=1406 outsize=457 ok=1
Cmd: compileSnippet
  api=4 type=0 insize=1207 outsize=1128 kw= ok=1
Cmd: compileSnippet
  api=4 type=1 insize=1207 outsize=1103 kw= ok=1
Cmd: preprocess
  insize=1654 outsize=1035 ok=1
Cmd: compileSnippet
  api=4 type=0 insize=867 outsize=1599 kw= ok=1
Cmd: compileSnippet
  api=4 type=1 insize=867 outsize=502 kw= ok=1
Cmd: preprocess
  insize=2702 outsize=1124 ok=1
Cmd: compileSnippet
  api=4 type=0 insize=1825 outsize=990 kw= ok=1
Cmd: compileSnippet
  api=4 type=1 insize=1825 outsize=1583 kw= ok=1
Cmd: preprocess
  insize=1551 outsize=865 ok=1
Cmd: preprocess
  insize=2424 outsize=459 ok=1
Cmd: compileSnippet
  api=4 type=0 insize=2202 outsize=1128 kw= ok=1
Cmd: compileSnippet
  api=4 type=1 insize=2202 outsize=2444 kw= ok=1
Cmd: preprocess
  insize=1574 outsize=702 ok=1
Cmd: compileSnippet
  api=4 type=0 insize=1135 outsize=1461 kw= ok=1
Cmd: compileSnippet
  api=4 type=1 insize=1135 outsize=1071 kw= ok=1
